
Log Entry : 15:44:31 25 November 2020
  :

 ClassName :One or more errors occurred. (Cannot open database "SuzukiDB" requested by the login. The login failed.
Login failed for user 'IIS APPPOOL\.netCoreAppPool'.)
 MethodName :HandleExceptionAsync
 Message :One or more errors occurred. (Cannot open database "SuzukiDB" requested by the login. The login failed.
Login failed for user 'IIS APPPOOL\.netCoreAppPool'.)
 StackTrace   at MarutiSuzuki.API.Controllers.TokenController.Token(LoginModel login) in F:\My workspace\MarutiSuzuki Project\MarutiSuzuki.API_15-07-2020\MarutiSuzuki.API\MarutiSuzuki.API\Controllers\TokenController.cs:line 68
   at lambda_method(Closure , Object , Object[] )
   at Microsoft.Extensions.Internal.ObjectMethodExecutor.Execute(Object target, Object[] parameters)
   at Microsoft.AspNetCore.Mvc.Internal.ActionMethodExecutor.SyncActionResultExecutor.Execute(IActionResultTypeMapper mapper, ObjectMethodExecutor executor, Object controller, Object[] arguments)
   at Microsoft.AspNetCore.Mvc.Internal.ControllerActionInvoker.InvokeActionMethodAsync()
   at Microsoft.AspNetCore.Mvc.Internal.ControllerActionInvoker.InvokeNextActionFilterAsync()
   at Microsoft.AspNetCore.Mvc.Internal.ControllerActionInvoker.Rethrow(ActionExecutedContext context)
   at Microsoft.AspNetCore.Mvc.Internal.ControllerActionInvoker.Next(State& next, Scope& scope, Object& state, Boolean& isCompleted)
   at Microsoft.AspNetCore.Mvc.Internal.ControllerActionInvoker.InvokeInnerFilterAsync()
   at Microsoft.AspNetCore.Mvc.Internal.ResourceInvoker.InvokeNextExceptionFilterAsync()
   at Microsoft.AspNetCore.Mvc.Internal.ResourceInvoker.Rethrow(ExceptionContext context)
   at Microsoft.AspNetCore.Mvc.Internal.ResourceInvoker.Next(State& next, Scope& scope, Object& state, Boolean& isCompleted)
   at Microsoft.AspNetCore.Mvc.Internal.ResourceInvoker.InvokeNextResourceFilter()
   at Microsoft.AspNetCore.Mvc.Internal.ResourceInvoker.Rethrow(ResourceExecutedContext context)
   at Microsoft.AspNetCore.Mvc.Internal.ResourceInvoker.Next(State& next, Scope& scope, Object& state, Boolean& isCompleted)
   at Microsoft.AspNetCore.Mvc.Internal.ResourceInvoker.InvokeFilterPipelineAsync()
   at Microsoft.AspNetCore.Mvc.Internal.ResourceInvoker.InvokeAsync()
   at Microsoft.AspNetCore.Builder.RouterMiddleware.Invoke(HttpContext httpContext)
   at Microsoft.AspNetCore.Authentication.AuthenticationMiddleware.Invoke(HttpContext context)
   at Microsoft.AspNetCore.Cors.Infrastructure.CorsMiddleware.Invoke(HttpContext context)
   at Microsoft.AspNetCore.StaticFiles.StaticFileMiddleware.Invoke(HttpContext context)
   at MarutiSuzuki.Audit.ExceptionHandling.ErrorHandlingMiddleware.Invoke(HttpContext context) in F:\My workspace\MarutiSuzuki Project\MarutiSuzuki.API_15-07-2020\MarutiSuzuki.API\MarutiSuzuki.Audit.ExceptionHandling\ErrorHandlingMiddleware.cs:line 43
-------------------------------

Log Entry : 15:45:18 25 November 2020
  :

 ClassName :Cannot open database "SuzukiDB" requested by the login. The login failed.
Login failed for user 'IIS APPPOOL\.netCoreAppPool'.
 MethodName :HandleExceptionAsync
 Message :Cannot open database "SuzukiDB" requested by the login. The login failed.
Login failed for user 'IIS APPPOOL\.netCoreAppPool'.
 StackTrace   at System.Data.SqlClient.SqlInternalConnectionTds..ctor(DbConnectionPoolIdentity identity, SqlConnectionString connectionOptions, SqlCredential credential, Object providerInfo, String newPassword, SecureString newSecurePassword, Boolean redirectedUserInstance, SqlConnectionString userConnectionOptions, SessionData reconnectSessionData, Boolean applyTransientFaultHandling)
   at System.Data.SqlClient.SqlConnectionFactory.CreateConnection(DbConnectionOptions options, DbConnectionPoolKey poolKey, Object poolGroupProviderInfo, DbConnectionPool pool, DbConnection owningConnection, DbConnectionOptions userOptions)
   at System.Data.ProviderBase.DbConnectionFactory.CreatePooledConnection(DbConnectionPool pool, DbConnection owningObject, DbConnectionOptions options, DbConnectionPoolKey poolKey, DbConnectionOptions userOptions)
   at System.Data.ProviderBase.DbConnectionPool.CreateObject(DbConnection owningObject, DbConnectionOptions userOptions, DbConnectionInternal oldConnection)
   at System.Data.ProviderBase.DbConnectionPool.UserCreateRequest(DbConnection owningObject, DbConnectionOptions userOptions, DbConnectionInternal oldConnection)
   at System.Data.ProviderBase.DbConnectionPool.TryGetConnection(DbConnection owningObject, UInt32 waitForMultipleObjectsTimeout, Boolean allowCreate, Boolean onlyOneCheckConnection, DbConnectionOptions userOptions, DbConnectionInternal& connection)
   at System.Data.ProviderBase.DbConnectionPool.TryGetConnection(DbConnection owningObject, TaskCompletionSource`1 retry, DbConnectionOptions userOptions, DbConnectionInternal& connection)
   at System.Data.ProviderBase.DbConnectionFactory.TryGetConnection(DbConnection owningConnection, TaskCompletionSource`1 retry, DbConnectionOptions userOptions, DbConnectionInternal oldConnection, DbConnectionInternal& connection)
   at System.Data.ProviderBase.DbConnectionInternal.TryOpenConnectionInternal(DbConnection outerConnection, DbConnectionFactory connectionFactory, TaskCompletionSource`1 retry, DbConnectionOptions userOptions)
   at System.Data.ProviderBase.DbConnectionClosed.TryOpenConnection(DbConnection outerConnection, DbConnectionFactory connectionFactory, TaskCompletionSource`1 retry, DbConnectionOptions userOptions)
   at System.Data.SqlClient.SqlConnection.TryOpen(TaskCompletionSource`1 retry)
   at System.Data.SqlClient.SqlConnection.Open()
   at Microsoft.EntityFrameworkCore.Storage.RelationalConnection.OpenDbConnection(Boolean errorsExpected)
   at Microsoft.EntityFrameworkCore.Storage.RelationalConnection.Open(Boolean errorsExpected)
   at Microsoft.EntityFrameworkCore.Query.Internal.QueryingEnumerable`1.Enumerator.BufferlessMoveNext(DbContext _, Boolean buffer)
   at Microsoft.EntityFrameworkCore.Storage.ExecutionStrategy.ExecuteImplementation[TState,TResult](Func`3 operation, Func`3 verifySucceeded, TState state)
   at Microsoft.EntityFrameworkCore.Query.Internal.QueryingEnumerable`1.Enumerator.MoveNext()
   at Microsoft.EntityFrameworkCore.Query.Internal.LinqOperatorProvider._TrackEntities[TOut,TIn](IEnumerable`1 results, QueryContext queryContext, IList`1 entityTrackingInfos, IList`1 entityAccessors)+MoveNext()
   at Microsoft.EntityFrameworkCore.Query.Internal.LinqOperatorProvider.ExceptionInterceptor`1.EnumeratorExceptionInterceptor.MoveNext()
   at Newtonsoft.Json.Serialization.JsonSerializerInternalWriter.SerializeList(JsonWriter writer, IEnumerable values, JsonArrayContract contract, JsonProperty member, JsonContainerContract collectionContract, JsonProperty containerProperty)
   at Newtonsoft.Json.Serialization.JsonSerializerInternalWriter.SerializeValue(JsonWriter writer, Object value, JsonContract valueContract, JsonProperty member, JsonContainerContract containerContract, JsonProperty containerProperty)
   at Newtonsoft.Json.Serialization.JsonSerializerInternalWriter.Serialize(JsonWriter jsonWriter, Object value, Type objectType)
   at Newtonsoft.Json.JsonSerializer.SerializeInternal(JsonWriter jsonWriter, Object value, Type objectType)
   at Newtonsoft.Json.JsonSerializer.Serialize(JsonWriter jsonWriter, Object value)
   at Microsoft.AspNetCore.Mvc.Formatters.JsonOutputFormatter.WriteObject(TextWriter writer, Object value)
   at Microsoft.AspNetCore.Mvc.Formatters.JsonOutputFormatter.WriteResponseBodyAsync(OutputFormatterWriteContext context, Encoding selectedEncoding)
   at Microsoft.AspNetCore.Mvc.Internal.ResourceInvoker.InvokeResultAsync(IActionResult result)
   at Microsoft.AspNetCore.Mvc.Internal.ResourceInvoker.InvokeNextResultFilterAsync[TFilter,TFilterAsync]()
   at Microsoft.AspNetCore.Mvc.Internal.ResourceInvoker.Rethrow(ResultExecutedContext context)
   at Microsoft.AspNetCore.Mvc.Internal.ResourceInvoker.ResultNext[TFilter,TFilterAsync](State& next, Scope& scope, Object& state, Boolean& isCompleted)
   at Microsoft.AspNetCore.Mvc.Internal.ResourceInvoker.InvokeResultFilters()
   at Microsoft.AspNetCore.Mvc.Internal.ResourceInvoker.InvokeNextResourceFilter()
   at Microsoft.AspNetCore.Mvc.Internal.ResourceInvoker.Rethrow(ResourceExecutedContext context)
   at Microsoft.AspNetCore.Mvc.Internal.ResourceInvoker.Next(State& next, Scope& scope, Object& state, Boolean& isCompleted)
   at Microsoft.AspNetCore.Mvc.Internal.ResourceInvoker.InvokeFilterPipelineAsync()
   at Microsoft.AspNetCore.Mvc.Internal.ResourceInvoker.InvokeAsync()
   at Microsoft.AspNetCore.Builder.RouterMiddleware.Invoke(HttpContext httpContext)
   at Microsoft.AspNetCore.Authentication.AuthenticationMiddleware.Invoke(HttpContext context)
   at Microsoft.AspNetCore.Cors.Infrastructure.CorsMiddleware.Invoke(HttpContext context)
   at Microsoft.AspNetCore.StaticFiles.StaticFileMiddleware.Invoke(HttpContext context)
   at MarutiSuzuki.Audit.ExceptionHandling.ErrorHandlingMiddleware.Invoke(HttpContext context) in F:\My workspace\MarutiSuzuki Project\MarutiSuzuki.API_15-07-2020\MarutiSuzuki.API\MarutiSuzuki.Audit.ExceptionHandling\ErrorHandlingMiddleware.cs:line 43
-------------------------------

Log Entry : 11:05:28 26 November 2020
  :

 ClassName :One or more errors occurred. (Cannot open database "SuzukiDB" requested by the login. The login failed.
Login failed for user 'IIS APPPOOL\.netCoreAppPool'.)
 MethodName :HandleExceptionAsync
 Message :One or more errors occurred. (Cannot open database "SuzukiDB" requested by the login. The login failed.
Login failed for user 'IIS APPPOOL\.netCoreAppPool'.)
 StackTrace   at MarutiSuzuki.API.Controllers.TokenController.Token(LoginModel login) in F:\My workspace\MarutiSuzuki Project\MarutiSuzuki.API_15-07-2020\MarutiSuzuki.API\MarutiSuzuki.API\Controllers\TokenController.cs:line 68
   at lambda_method(Closure , Object , Object[] )
   at Microsoft.Extensions.Internal.ObjectMethodExecutor.Execute(Object target, Object[] parameters)
   at Microsoft.AspNetCore.Mvc.Internal.ActionMethodExecutor.SyncActionResultExecutor.Execute(IActionResultTypeMapper mapper, ObjectMethodExecutor executor, Object controller, Object[] arguments)
   at Microsoft.AspNetCore.Mvc.Internal.ControllerActionInvoker.InvokeActionMethodAsync()
   at Microsoft.AspNetCore.Mvc.Internal.ControllerActionInvoker.InvokeNextActionFilterAsync()
   at Microsoft.AspNetCore.Mvc.Internal.ControllerActionInvoker.Rethrow(ActionExecutedContext context)
   at Microsoft.AspNetCore.Mvc.Internal.ControllerActionInvoker.Next(State& next, Scope& scope, Object& state, Boolean& isCompleted)
   at Microsoft.AspNetCore.Mvc.Internal.ControllerActionInvoker.InvokeInnerFilterAsync()
   at Microsoft.AspNetCore.Mvc.Internal.ResourceInvoker.InvokeNextExceptionFilterAsync()
   at Microsoft.AspNetCore.Mvc.Internal.ResourceInvoker.Rethrow(ExceptionContext context)
   at Microsoft.AspNetCore.Mvc.Internal.ResourceInvoker.Next(State& next, Scope& scope, Object& state, Boolean& isCompleted)
   at Microsoft.AspNetCore.Mvc.Internal.ResourceInvoker.InvokeNextResourceFilter()
   at Microsoft.AspNetCore.Mvc.Internal.ResourceInvoker.Rethrow(ResourceExecutedContext context)
   at Microsoft.AspNetCore.Mvc.Internal.ResourceInvoker.Next(State& next, Scope& scope, Object& state, Boolean& isCompleted)
   at Microsoft.AspNetCore.Mvc.Internal.ResourceInvoker.InvokeFilterPipelineAsync()
   at Microsoft.AspNetCore.Mvc.Internal.ResourceInvoker.InvokeAsync()
   at Microsoft.AspNetCore.Builder.RouterMiddleware.Invoke(HttpContext httpContext)
   at Microsoft.AspNetCore.Authentication.AuthenticationMiddleware.Invoke(HttpContext context)
   at Microsoft.AspNetCore.Cors.Infrastructure.CorsMiddleware.Invoke(HttpContext context)
   at Microsoft.AspNetCore.StaticFiles.StaticFileMiddleware.Invoke(HttpContext context)
   at MarutiSuzuki.Audit.ExceptionHandling.ErrorHandlingMiddleware.Invoke(HttpContext context) in F:\My workspace\MarutiSuzuki Project\MarutiSuzuki.API_15-07-2020\MarutiSuzuki.API\MarutiSuzuki.Audit.ExceptionHandling\ErrorHandlingMiddleware.cs:line 43
-------------------------------

Log Entry : 11:05:50 26 November 2020
  :

 ClassName :One or more errors occurred. (Cannot open database "SuzukiDB" requested by the login. The login failed.
Login failed for user 'IIS APPPOOL\.netCoreAppPool'.)
 MethodName :HandleExceptionAsync
 Message :One or more errors occurred. (Cannot open database "SuzukiDB" requested by the login. The login failed.
Login failed for user 'IIS APPPOOL\.netCoreAppPool'.)
 StackTrace   at MarutiSuzuki.API.Controllers.TokenController.Token(LoginModel login) in F:\My workspace\MarutiSuzuki Project\MarutiSuzuki.API_15-07-2020\MarutiSuzuki.API\MarutiSuzuki.API\Controllers\TokenController.cs:line 68
   at lambda_method(Closure , Object , Object[] )
   at Microsoft.Extensions.Internal.ObjectMethodExecutor.Execute(Object target, Object[] parameters)
   at Microsoft.AspNetCore.Mvc.Internal.ActionMethodExecutor.SyncActionResultExecutor.Execute(IActionResultTypeMapper mapper, ObjectMethodExecutor executor, Object controller, Object[] arguments)
   at Microsoft.AspNetCore.Mvc.Internal.ControllerActionInvoker.InvokeActionMethodAsync()
   at Microsoft.AspNetCore.Mvc.Internal.ControllerActionInvoker.InvokeNextActionFilterAsync()
   at Microsoft.AspNetCore.Mvc.Internal.ControllerActionInvoker.Rethrow(ActionExecutedContext context)
   at Microsoft.AspNetCore.Mvc.Internal.ControllerActionInvoker.Next(State& next, Scope& scope, Object& state, Boolean& isCompleted)
   at Microsoft.AspNetCore.Mvc.Internal.ControllerActionInvoker.InvokeInnerFilterAsync()
   at Microsoft.AspNetCore.Mvc.Internal.ResourceInvoker.InvokeNextExceptionFilterAsync()
   at Microsoft.AspNetCore.Mvc.Internal.ResourceInvoker.Rethrow(ExceptionContext context)
   at Microsoft.AspNetCore.Mvc.Internal.ResourceInvoker.Next(State& next, Scope& scope, Object& state, Boolean& isCompleted)
   at Microsoft.AspNetCore.Mvc.Internal.ResourceInvoker.InvokeNextResourceFilter()
   at Microsoft.AspNetCore.Mvc.Internal.ResourceInvoker.Rethrow(ResourceExecutedContext context)
   at Microsoft.AspNetCore.Mvc.Internal.ResourceInvoker.Next(State& next, Scope& scope, Object& state, Boolean& isCompleted)
   at Microsoft.AspNetCore.Mvc.Internal.ResourceInvoker.InvokeFilterPipelineAsync()
   at Microsoft.AspNetCore.Mvc.Internal.ResourceInvoker.InvokeAsync()
   at Microsoft.AspNetCore.Builder.RouterMiddleware.Invoke(HttpContext httpContext)
   at Microsoft.AspNetCore.Authentication.AuthenticationMiddleware.Invoke(HttpContext context)
   at Microsoft.AspNetCore.Cors.Infrastructure.CorsMiddleware.Invoke(HttpContext context)
   at Microsoft.AspNetCore.StaticFiles.StaticFileMiddleware.Invoke(HttpContext context)
   at MarutiSuzuki.Audit.ExceptionHandling.ErrorHandlingMiddleware.Invoke(HttpContext context) in F:\My workspace\MarutiSuzuki Project\MarutiSuzuki.API_15-07-2020\MarutiSuzuki.API\MarutiSuzuki.Audit.ExceptionHandling\ErrorHandlingMiddleware.cs:line 43
-------------------------------

Log Entry : 11:06:17 26 November 2020
  :

 ClassName :One or more errors occurred. (Cannot open database "SuzukiDB" requested by the login. The login failed.
Login failed for user 'IIS APPPOOL\.netCoreAppPool'.)
 MethodName :HandleExceptionAsync
 Message :One or more errors occurred. (Cannot open database "SuzukiDB" requested by the login. The login failed.
Login failed for user 'IIS APPPOOL\.netCoreAppPool'.)
 StackTrace   at MarutiSuzuki.API.Controllers.TokenController.Token(LoginModel login) in F:\My workspace\MarutiSuzuki Project\MarutiSuzuki.API_15-07-2020\MarutiSuzuki.API\MarutiSuzuki.API\Controllers\TokenController.cs:line 68
   at lambda_method(Closure , Object , Object[] )
   at Microsoft.Extensions.Internal.ObjectMethodExecutor.Execute(Object target, Object[] parameters)
   at Microsoft.AspNetCore.Mvc.Internal.ActionMethodExecutor.SyncActionResultExecutor.Execute(IActionResultTypeMapper mapper, ObjectMethodExecutor executor, Object controller, Object[] arguments)
   at Microsoft.AspNetCore.Mvc.Internal.ControllerActionInvoker.InvokeActionMethodAsync()
   at Microsoft.AspNetCore.Mvc.Internal.ControllerActionInvoker.InvokeNextActionFilterAsync()
   at Microsoft.AspNetCore.Mvc.Internal.ControllerActionInvoker.Rethrow(ActionExecutedContext context)
   at Microsoft.AspNetCore.Mvc.Internal.ControllerActionInvoker.Next(State& next, Scope& scope, Object& state, Boolean& isCompleted)
   at Microsoft.AspNetCore.Mvc.Internal.ControllerActionInvoker.InvokeInnerFilterAsync()
   at Microsoft.AspNetCore.Mvc.Internal.ResourceInvoker.InvokeNextExceptionFilterAsync()
   at Microsoft.AspNetCore.Mvc.Internal.ResourceInvoker.Rethrow(ExceptionContext context)
   at Microsoft.AspNetCore.Mvc.Internal.ResourceInvoker.Next(State& next, Scope& scope, Object& state, Boolean& isCompleted)
   at Microsoft.AspNetCore.Mvc.Internal.ResourceInvoker.InvokeNextResourceFilter()
   at Microsoft.AspNetCore.Mvc.Internal.ResourceInvoker.Rethrow(ResourceExecutedContext context)
   at Microsoft.AspNetCore.Mvc.Internal.ResourceInvoker.Next(State& next, Scope& scope, Object& state, Boolean& isCompleted)
   at Microsoft.AspNetCore.Mvc.Internal.ResourceInvoker.InvokeFilterPipelineAsync()
   at Microsoft.AspNetCore.Mvc.Internal.ResourceInvoker.InvokeAsync()
   at Microsoft.AspNetCore.Builder.RouterMiddleware.Invoke(HttpContext httpContext)
   at Microsoft.AspNetCore.Authentication.AuthenticationMiddleware.Invoke(HttpContext context)
   at Microsoft.AspNetCore.Cors.Infrastructure.CorsMiddleware.Invoke(HttpContext context)
   at Microsoft.AspNetCore.StaticFiles.StaticFileMiddleware.Invoke(HttpContext context)
   at MarutiSuzuki.Audit.ExceptionHandling.ErrorHandlingMiddleware.Invoke(HttpContext context) in F:\My workspace\MarutiSuzuki Project\MarutiSuzuki.API_15-07-2020\MarutiSuzuki.API\MarutiSuzuki.Audit.ExceptionHandling\ErrorHandlingMiddleware.cs:line 43
-------------------------------

Log Entry : 11:08:08 26 November 2020
  :

 ClassName :One or more errors occurred. (Cannot open database "SuzukiDB" requested by the login. The login failed.
Login failed for user 'IIS APPPOOL\.netCoreAppPool'.)
 MethodName :HandleExceptionAsync
 Message :One or more errors occurred. (Cannot open database "SuzukiDB" requested by the login. The login failed.
Login failed for user 'IIS APPPOOL\.netCoreAppPool'.)
 StackTrace   at MarutiSuzuki.API.Controllers.TokenController.Token(LoginModel login) in F:\My workspace\MarutiSuzuki Project\MarutiSuzuki.API_15-07-2020\MarutiSuzuki.API\MarutiSuzuki.API\Controllers\TokenController.cs:line 68
   at lambda_method(Closure , Object , Object[] )
   at Microsoft.Extensions.Internal.ObjectMethodExecutor.Execute(Object target, Object[] parameters)
   at Microsoft.AspNetCore.Mvc.Internal.ActionMethodExecutor.SyncActionResultExecutor.Execute(IActionResultTypeMapper mapper, ObjectMethodExecutor executor, Object controller, Object[] arguments)
   at Microsoft.AspNetCore.Mvc.Internal.ControllerActionInvoker.InvokeActionMethodAsync()
   at Microsoft.AspNetCore.Mvc.Internal.ControllerActionInvoker.InvokeNextActionFilterAsync()
   at Microsoft.AspNetCore.Mvc.Internal.ControllerActionInvoker.Rethrow(ActionExecutedContext context)
   at Microsoft.AspNetCore.Mvc.Internal.ControllerActionInvoker.Next(State& next, Scope& scope, Object& state, Boolean& isCompleted)
   at Microsoft.AspNetCore.Mvc.Internal.ControllerActionInvoker.InvokeInnerFilterAsync()
   at Microsoft.AspNetCore.Mvc.Internal.ResourceInvoker.InvokeNextExceptionFilterAsync()
   at Microsoft.AspNetCore.Mvc.Internal.ResourceInvoker.Rethrow(ExceptionContext context)
   at Microsoft.AspNetCore.Mvc.Internal.ResourceInvoker.Next(State& next, Scope& scope, Object& state, Boolean& isCompleted)
   at Microsoft.AspNetCore.Mvc.Internal.ResourceInvoker.InvokeNextResourceFilter()
   at Microsoft.AspNetCore.Mvc.Internal.ResourceInvoker.Rethrow(ResourceExecutedContext context)
   at Microsoft.AspNetCore.Mvc.Internal.ResourceInvoker.Next(State& next, Scope& scope, Object& state, Boolean& isCompleted)
   at Microsoft.AspNetCore.Mvc.Internal.ResourceInvoker.InvokeFilterPipelineAsync()
   at Microsoft.AspNetCore.Mvc.Internal.ResourceInvoker.InvokeAsync()
   at Microsoft.AspNetCore.Builder.RouterMiddleware.Invoke(HttpContext httpContext)
   at Microsoft.AspNetCore.Authentication.AuthenticationMiddleware.Invoke(HttpContext context)
   at Microsoft.AspNetCore.Cors.Infrastructure.CorsMiddleware.Invoke(HttpContext context)
   at Microsoft.AspNetCore.StaticFiles.StaticFileMiddleware.Invoke(HttpContext context)
   at MarutiSuzuki.Audit.ExceptionHandling.ErrorHandlingMiddleware.Invoke(HttpContext context) in F:\My workspace\MarutiSuzuki Project\MarutiSuzuki.API_15-07-2020\MarutiSuzuki.API\MarutiSuzuki.Audit.ExceptionHandling\ErrorHandlingMiddleware.cs:line 43
-------------------------------

Log Entry : 11:11:23 26 November 2020
  :

 ClassName :One or more errors occurred. (Cannot open database "SuzukiDB" requested by the login. The login failed.
Login failed for user 'IIS APPPOOL\.netCoreAppPool'.)
 MethodName :HandleExceptionAsync
 Message :One or more errors occurred. (Cannot open database "SuzukiDB" requested by the login. The login failed.
Login failed for user 'IIS APPPOOL\.netCoreAppPool'.)
 StackTrace   at MarutiSuzuki.API.Controllers.TokenController.Token(LoginModel login) in F:\My workspace\MarutiSuzuki Project\MarutiSuzuki.API_15-07-2020\MarutiSuzuki.API\MarutiSuzuki.API\Controllers\TokenController.cs:line 68
   at lambda_method(Closure , Object , Object[] )
   at Microsoft.Extensions.Internal.ObjectMethodExecutor.Execute(Object target, Object[] parameters)
   at Microsoft.AspNetCore.Mvc.Internal.ActionMethodExecutor.SyncActionResultExecutor.Execute(IActionResultTypeMapper mapper, ObjectMethodExecutor executor, Object controller, Object[] arguments)
   at Microsoft.AspNetCore.Mvc.Internal.ControllerActionInvoker.InvokeActionMethodAsync()
   at Microsoft.AspNetCore.Mvc.Internal.ControllerActionInvoker.InvokeNextActionFilterAsync()
   at Microsoft.AspNetCore.Mvc.Internal.ControllerActionInvoker.Rethrow(ActionExecutedContext context)
   at Microsoft.AspNetCore.Mvc.Internal.ControllerActionInvoker.Next(State& next, Scope& scope, Object& state, Boolean& isCompleted)
   at Microsoft.AspNetCore.Mvc.Internal.ControllerActionInvoker.InvokeInnerFilterAsync()
   at Microsoft.AspNetCore.Mvc.Internal.ResourceInvoker.InvokeNextExceptionFilterAsync()
   at Microsoft.AspNetCore.Mvc.Internal.ResourceInvoker.Rethrow(ExceptionContext context)
   at Microsoft.AspNetCore.Mvc.Internal.ResourceInvoker.Next(State& next, Scope& scope, Object& state, Boolean& isCompleted)
   at Microsoft.AspNetCore.Mvc.Internal.ResourceInvoker.InvokeNextResourceFilter()
   at Microsoft.AspNetCore.Mvc.Internal.ResourceInvoker.Rethrow(ResourceExecutedContext context)
   at Microsoft.AspNetCore.Mvc.Internal.ResourceInvoker.Next(State& next, Scope& scope, Object& state, Boolean& isCompleted)
   at Microsoft.AspNetCore.Mvc.Internal.ResourceInvoker.InvokeFilterPipelineAsync()
   at Microsoft.AspNetCore.Mvc.Internal.ResourceInvoker.InvokeAsync()
   at Microsoft.AspNetCore.Builder.RouterMiddleware.Invoke(HttpContext httpContext)
   at Microsoft.AspNetCore.Authentication.AuthenticationMiddleware.Invoke(HttpContext context)
   at Microsoft.AspNetCore.Cors.Infrastructure.CorsMiddleware.Invoke(HttpContext context)
   at Microsoft.AspNetCore.StaticFiles.StaticFileMiddleware.Invoke(HttpContext context)
   at MarutiSuzuki.Audit.ExceptionHandling.ErrorHandlingMiddleware.Invoke(HttpContext context) in F:\My workspace\MarutiSuzuki Project\MarutiSuzuki.API_15-07-2020\MarutiSuzuki.API\MarutiSuzuki.Audit.ExceptionHandling\ErrorHandlingMiddleware.cs:line 43
-------------------------------

Log Entry : 11:11:34 26 November 2020
  :

 ClassName :One or more errors occurred. (Cannot open database "SuzukiDB" requested by the login. The login failed.
Login failed for user 'IIS APPPOOL\.netCoreAppPool'.)
 MethodName :HandleExceptionAsync
 Message :One or more errors occurred. (Cannot open database "SuzukiDB" requested by the login. The login failed.
Login failed for user 'IIS APPPOOL\.netCoreAppPool'.)
 StackTrace   at MarutiSuzuki.API.Controllers.TokenController.Token(LoginModel login) in F:\My workspace\MarutiSuzuki Project\MarutiSuzuki.API_15-07-2020\MarutiSuzuki.API\MarutiSuzuki.API\Controllers\TokenController.cs:line 68
   at lambda_method(Closure , Object , Object[] )
   at Microsoft.Extensions.Internal.ObjectMethodExecutor.Execute(Object target, Object[] parameters)
   at Microsoft.AspNetCore.Mvc.Internal.ActionMethodExecutor.SyncActionResultExecutor.Execute(IActionResultTypeMapper mapper, ObjectMethodExecutor executor, Object controller, Object[] arguments)
   at Microsoft.AspNetCore.Mvc.Internal.ControllerActionInvoker.InvokeActionMethodAsync()
   at Microsoft.AspNetCore.Mvc.Internal.ControllerActionInvoker.InvokeNextActionFilterAsync()
   at Microsoft.AspNetCore.Mvc.Internal.ControllerActionInvoker.Rethrow(ActionExecutedContext context)
   at Microsoft.AspNetCore.Mvc.Internal.ControllerActionInvoker.Next(State& next, Scope& scope, Object& state, Boolean& isCompleted)
   at Microsoft.AspNetCore.Mvc.Internal.ControllerActionInvoker.InvokeInnerFilterAsync()
   at Microsoft.AspNetCore.Mvc.Internal.ResourceInvoker.InvokeNextExceptionFilterAsync()
   at Microsoft.AspNetCore.Mvc.Internal.ResourceInvoker.Rethrow(ExceptionContext context)
   at Microsoft.AspNetCore.Mvc.Internal.ResourceInvoker.Next(State& next, Scope& scope, Object& state, Boolean& isCompleted)
   at Microsoft.AspNetCore.Mvc.Internal.ResourceInvoker.InvokeNextResourceFilter()
   at Microsoft.AspNetCore.Mvc.Internal.ResourceInvoker.Rethrow(ResourceExecutedContext context)
   at Microsoft.AspNetCore.Mvc.Internal.ResourceInvoker.Next(State& next, Scope& scope, Object& state, Boolean& isCompleted)
   at Microsoft.AspNetCore.Mvc.Internal.ResourceInvoker.InvokeFilterPipelineAsync()
   at Microsoft.AspNetCore.Mvc.Internal.ResourceInvoker.InvokeAsync()
   at Microsoft.AspNetCore.Builder.RouterMiddleware.Invoke(HttpContext httpContext)
   at Microsoft.AspNetCore.Authentication.AuthenticationMiddleware.Invoke(HttpContext context)
   at Microsoft.AspNetCore.Cors.Infrastructure.CorsMiddleware.Invoke(HttpContext context)
   at Microsoft.AspNetCore.StaticFiles.StaticFileMiddleware.Invoke(HttpContext context)
   at MarutiSuzuki.Audit.ExceptionHandling.ErrorHandlingMiddleware.Invoke(HttpContext context) in F:\My workspace\MarutiSuzuki Project\MarutiSuzuki.API_15-07-2020\MarutiSuzuki.API\MarutiSuzuki.Audit.ExceptionHandling\ErrorHandlingMiddleware.cs:line 43
-------------------------------

Log Entry : 11:12:49 26 November 2020
  :

 ClassName :One or more errors occurred. (Cannot open database "SuzukiDB" requested by the login. The login failed.
Login failed for user 'IIS APPPOOL\.netCoreAppPool'.)
 MethodName :HandleExceptionAsync
 Message :One or more errors occurred. (Cannot open database "SuzukiDB" requested by the login. The login failed.
Login failed for user 'IIS APPPOOL\.netCoreAppPool'.)
 StackTrace   at MarutiSuzuki.API.Controllers.TokenController.Token(LoginModel login) in F:\My workspace\MarutiSuzuki Project\MarutiSuzuki.API_15-07-2020\MarutiSuzuki.API\MarutiSuzuki.API\Controllers\TokenController.cs:line 68
   at lambda_method(Closure , Object , Object[] )
   at Microsoft.Extensions.Internal.ObjectMethodExecutor.Execute(Object target, Object[] parameters)
   at Microsoft.AspNetCore.Mvc.Internal.ActionMethodExecutor.SyncActionResultExecutor.Execute(IActionResultTypeMapper mapper, ObjectMethodExecutor executor, Object controller, Object[] arguments)
   at Microsoft.AspNetCore.Mvc.Internal.ControllerActionInvoker.InvokeActionMethodAsync()
   at Microsoft.AspNetCore.Mvc.Internal.ControllerActionInvoker.InvokeNextActionFilterAsync()
   at Microsoft.AspNetCore.Mvc.Internal.ControllerActionInvoker.Rethrow(ActionExecutedContext context)
   at Microsoft.AspNetCore.Mvc.Internal.ControllerActionInvoker.Next(State& next, Scope& scope, Object& state, Boolean& isCompleted)
   at Microsoft.AspNetCore.Mvc.Internal.ControllerActionInvoker.InvokeInnerFilterAsync()
   at Microsoft.AspNetCore.Mvc.Internal.ResourceInvoker.InvokeNextExceptionFilterAsync()
   at Microsoft.AspNetCore.Mvc.Internal.ResourceInvoker.Rethrow(ExceptionContext context)
   at Microsoft.AspNetCore.Mvc.Internal.ResourceInvoker.Next(State& next, Scope& scope, Object& state, Boolean& isCompleted)
   at Microsoft.AspNetCore.Mvc.Internal.ResourceInvoker.InvokeNextResourceFilter()
   at Microsoft.AspNetCore.Mvc.Internal.ResourceInvoker.Rethrow(ResourceExecutedContext context)
   at Microsoft.AspNetCore.Mvc.Internal.ResourceInvoker.Next(State& next, Scope& scope, Object& state, Boolean& isCompleted)
   at Microsoft.AspNetCore.Mvc.Internal.ResourceInvoker.InvokeFilterPipelineAsync()
   at Microsoft.AspNetCore.Mvc.Internal.ResourceInvoker.InvokeAsync()
   at Microsoft.AspNetCore.Builder.RouterMiddleware.Invoke(HttpContext httpContext)
   at Microsoft.AspNetCore.Authentication.AuthenticationMiddleware.Invoke(HttpContext context)
   at Microsoft.AspNetCore.Cors.Infrastructure.CorsMiddleware.Invoke(HttpContext context)
   at Microsoft.AspNetCore.StaticFiles.StaticFileMiddleware.Invoke(HttpContext context)
   at MarutiSuzuki.Audit.ExceptionHandling.ErrorHandlingMiddleware.Invoke(HttpContext context) in F:\My workspace\MarutiSuzuki Project\MarutiSuzuki.API_15-07-2020\MarutiSuzuki.API\MarutiSuzuki.Audit.ExceptionHandling\ErrorHandlingMiddleware.cs:line 43
-------------------------------

Log Entry : 11:12:50 26 November 2020
  :

 ClassName :One or more errors occurred. (Cannot open database "SuzukiDB" requested by the login. The login failed.
Login failed for user 'IIS APPPOOL\.netCoreAppPool'.)
 MethodName :HandleExceptionAsync
 Message :One or more errors occurred. (Cannot open database "SuzukiDB" requested by the login. The login failed.
Login failed for user 'IIS APPPOOL\.netCoreAppPool'.)
 StackTrace   at MarutiSuzuki.API.Controllers.TokenController.Token(LoginModel login) in F:\My workspace\MarutiSuzuki Project\MarutiSuzuki.API_15-07-2020\MarutiSuzuki.API\MarutiSuzuki.API\Controllers\TokenController.cs:line 68
   at lambda_method(Closure , Object , Object[] )
   at Microsoft.Extensions.Internal.ObjectMethodExecutor.Execute(Object target, Object[] parameters)
   at Microsoft.AspNetCore.Mvc.Internal.ActionMethodExecutor.SyncActionResultExecutor.Execute(IActionResultTypeMapper mapper, ObjectMethodExecutor executor, Object controller, Object[] arguments)
   at Microsoft.AspNetCore.Mvc.Internal.ControllerActionInvoker.InvokeActionMethodAsync()
   at Microsoft.AspNetCore.Mvc.Internal.ControllerActionInvoker.InvokeNextActionFilterAsync()
   at Microsoft.AspNetCore.Mvc.Internal.ControllerActionInvoker.Rethrow(ActionExecutedContext context)
   at Microsoft.AspNetCore.Mvc.Internal.ControllerActionInvoker.Next(State& next, Scope& scope, Object& state, Boolean& isCompleted)
   at Microsoft.AspNetCore.Mvc.Internal.ControllerActionInvoker.InvokeInnerFilterAsync()
   at Microsoft.AspNetCore.Mvc.Internal.ResourceInvoker.InvokeNextExceptionFilterAsync()
   at Microsoft.AspNetCore.Mvc.Internal.ResourceInvoker.Rethrow(ExceptionContext context)
   at Microsoft.AspNetCore.Mvc.Internal.ResourceInvoker.Next(State& next, Scope& scope, Object& state, Boolean& isCompleted)
   at Microsoft.AspNetCore.Mvc.Internal.ResourceInvoker.InvokeNextResourceFilter()
   at Microsoft.AspNetCore.Mvc.Internal.ResourceInvoker.Rethrow(ResourceExecutedContext context)
   at Microsoft.AspNetCore.Mvc.Internal.ResourceInvoker.Next(State& next, Scope& scope, Object& state, Boolean& isCompleted)
   at Microsoft.AspNetCore.Mvc.Internal.ResourceInvoker.InvokeFilterPipelineAsync()
   at Microsoft.AspNetCore.Mvc.Internal.ResourceInvoker.InvokeAsync()
   at Microsoft.AspNetCore.Builder.RouterMiddleware.Invoke(HttpContext httpContext)
   at Microsoft.AspNetCore.Authentication.AuthenticationMiddleware.Invoke(HttpContext context)
   at Microsoft.AspNetCore.Cors.Infrastructure.CorsMiddleware.Invoke(HttpContext context)
   at Microsoft.AspNetCore.StaticFiles.StaticFileMiddleware.Invoke(HttpContext context)
   at MarutiSuzuki.Audit.ExceptionHandling.ErrorHandlingMiddleware.Invoke(HttpContext context) in F:\My workspace\MarutiSuzuki Project\MarutiSuzuki.API_15-07-2020\MarutiSuzuki.API\MarutiSuzuki.Audit.ExceptionHandling\ErrorHandlingMiddleware.cs:line 43
-------------------------------

Log Entry : 11:12:51 26 November 2020
  :

 ClassName :One or more errors occurred. (Cannot open database "SuzukiDB" requested by the login. The login failed.
Login failed for user 'IIS APPPOOL\.netCoreAppPool'.)
 MethodName :HandleExceptionAsync
 Message :One or more errors occurred. (Cannot open database "SuzukiDB" requested by the login. The login failed.
Login failed for user 'IIS APPPOOL\.netCoreAppPool'.)
 StackTrace   at MarutiSuzuki.API.Controllers.TokenController.Token(LoginModel login) in F:\My workspace\MarutiSuzuki Project\MarutiSuzuki.API_15-07-2020\MarutiSuzuki.API\MarutiSuzuki.API\Controllers\TokenController.cs:line 68
   at lambda_method(Closure , Object , Object[] )
   at Microsoft.Extensions.Internal.ObjectMethodExecutor.Execute(Object target, Object[] parameters)
   at Microsoft.AspNetCore.Mvc.Internal.ActionMethodExecutor.SyncActionResultExecutor.Execute(IActionResultTypeMapper mapper, ObjectMethodExecutor executor, Object controller, Object[] arguments)
   at Microsoft.AspNetCore.Mvc.Internal.ControllerActionInvoker.InvokeActionMethodAsync()
   at Microsoft.AspNetCore.Mvc.Internal.ControllerActionInvoker.InvokeNextActionFilterAsync()
   at Microsoft.AspNetCore.Mvc.Internal.ControllerActionInvoker.Rethrow(ActionExecutedContext context)
   at Microsoft.AspNetCore.Mvc.Internal.ControllerActionInvoker.Next(State& next, Scope& scope, Object& state, Boolean& isCompleted)
   at Microsoft.AspNetCore.Mvc.Internal.ControllerActionInvoker.InvokeInnerFilterAsync()
   at Microsoft.AspNetCore.Mvc.Internal.ResourceInvoker.InvokeNextExceptionFilterAsync()
   at Microsoft.AspNetCore.Mvc.Internal.ResourceInvoker.Rethrow(ExceptionContext context)
   at Microsoft.AspNetCore.Mvc.Internal.ResourceInvoker.Next(State& next, Scope& scope, Object& state, Boolean& isCompleted)
   at Microsoft.AspNetCore.Mvc.Internal.ResourceInvoker.InvokeNextResourceFilter()
   at Microsoft.AspNetCore.Mvc.Internal.ResourceInvoker.Rethrow(ResourceExecutedContext context)
   at Microsoft.AspNetCore.Mvc.Internal.ResourceInvoker.Next(State& next, Scope& scope, Object& state, Boolean& isCompleted)
   at Microsoft.AspNetCore.Mvc.Internal.ResourceInvoker.InvokeFilterPipelineAsync()
   at Microsoft.AspNetCore.Mvc.Internal.ResourceInvoker.InvokeAsync()
   at Microsoft.AspNetCore.Builder.RouterMiddleware.Invoke(HttpContext httpContext)
   at Microsoft.AspNetCore.Authentication.AuthenticationMiddleware.Invoke(HttpContext context)
   at Microsoft.AspNetCore.Cors.Infrastructure.CorsMiddleware.Invoke(HttpContext context)
   at Microsoft.AspNetCore.StaticFiles.StaticFileMiddleware.Invoke(HttpContext context)
   at MarutiSuzuki.Audit.ExceptionHandling.ErrorHandlingMiddleware.Invoke(HttpContext context) in F:\My workspace\MarutiSuzuki Project\MarutiSuzuki.API_15-07-2020\MarutiSuzuki.API\MarutiSuzuki.Audit.ExceptionHandling\ErrorHandlingMiddleware.cs:line 43
-------------------------------

Log Entry : 11:12:51 26 November 2020
  :

 ClassName :One or more errors occurred. (Cannot open database "SuzukiDB" requested by the login. The login failed.
Login failed for user 'IIS APPPOOL\.netCoreAppPool'.)
 MethodName :HandleExceptionAsync
 Message :One or more errors occurred. (Cannot open database "SuzukiDB" requested by the login. The login failed.
Login failed for user 'IIS APPPOOL\.netCoreAppPool'.)
 StackTrace   at MarutiSuzuki.API.Controllers.TokenController.Token(LoginModel login) in F:\My workspace\MarutiSuzuki Project\MarutiSuzuki.API_15-07-2020\MarutiSuzuki.API\MarutiSuzuki.API\Controllers\TokenController.cs:line 68
   at lambda_method(Closure , Object , Object[] )
   at Microsoft.Extensions.Internal.ObjectMethodExecutor.Execute(Object target, Object[] parameters)
   at Microsoft.AspNetCore.Mvc.Internal.ActionMethodExecutor.SyncActionResultExecutor.Execute(IActionResultTypeMapper mapper, ObjectMethodExecutor executor, Object controller, Object[] arguments)
   at Microsoft.AspNetCore.Mvc.Internal.ControllerActionInvoker.InvokeActionMethodAsync()
   at Microsoft.AspNetCore.Mvc.Internal.ControllerActionInvoker.InvokeNextActionFilterAsync()
   at Microsoft.AspNetCore.Mvc.Internal.ControllerActionInvoker.Rethrow(ActionExecutedContext context)
   at Microsoft.AspNetCore.Mvc.Internal.ControllerActionInvoker.Next(State& next, Scope& scope, Object& state, Boolean& isCompleted)
   at Microsoft.AspNetCore.Mvc.Internal.ControllerActionInvoker.InvokeInnerFilterAsync()
   at Microsoft.AspNetCore.Mvc.Internal.ResourceInvoker.InvokeNextExceptionFilterAsync()
   at Microsoft.AspNetCore.Mvc.Internal.ResourceInvoker.Rethrow(ExceptionContext context)
   at Microsoft.AspNetCore.Mvc.Internal.ResourceInvoker.Next(State& next, Scope& scope, Object& state, Boolean& isCompleted)
   at Microsoft.AspNetCore.Mvc.Internal.ResourceInvoker.InvokeNextResourceFilter()
   at Microsoft.AspNetCore.Mvc.Internal.ResourceInvoker.Rethrow(ResourceExecutedContext context)
   at Microsoft.AspNetCore.Mvc.Internal.ResourceInvoker.Next(State& next, Scope& scope, Object& state, Boolean& isCompleted)
   at Microsoft.AspNetCore.Mvc.Internal.ResourceInvoker.InvokeFilterPipelineAsync()
   at Microsoft.AspNetCore.Mvc.Internal.ResourceInvoker.InvokeAsync()
   at Microsoft.AspNetCore.Builder.RouterMiddleware.Invoke(HttpContext httpContext)
   at Microsoft.AspNetCore.Authentication.AuthenticationMiddleware.Invoke(HttpContext context)
   at Microsoft.AspNetCore.Cors.Infrastructure.CorsMiddleware.Invoke(HttpContext context)
   at Microsoft.AspNetCore.StaticFiles.StaticFileMiddleware.Invoke(HttpContext context)
   at MarutiSuzuki.Audit.ExceptionHandling.ErrorHandlingMiddleware.Invoke(HttpContext context) in F:\My workspace\MarutiSuzuki Project\MarutiSuzuki.API_15-07-2020\MarutiSuzuki.API\MarutiSuzuki.Audit.ExceptionHandling\ErrorHandlingMiddleware.cs:line 43
-------------------------------

Log Entry : 11:12:51 26 November 2020
  :

 ClassName :One or more errors occurred. (Cannot open database "SuzukiDB" requested by the login. The login failed.
Login failed for user 'IIS APPPOOL\.netCoreAppPool'.)
 MethodName :HandleExceptionAsync
 Message :One or more errors occurred. (Cannot open database "SuzukiDB" requested by the login. The login failed.
Login failed for user 'IIS APPPOOL\.netCoreAppPool'.)
 StackTrace   at MarutiSuzuki.API.Controllers.TokenController.Token(LoginModel login) in F:\My workspace\MarutiSuzuki Project\MarutiSuzuki.API_15-07-2020\MarutiSuzuki.API\MarutiSuzuki.API\Controllers\TokenController.cs:line 68
   at lambda_method(Closure , Object , Object[] )
   at Microsoft.Extensions.Internal.ObjectMethodExecutor.Execute(Object target, Object[] parameters)
   at Microsoft.AspNetCore.Mvc.Internal.ActionMethodExecutor.SyncActionResultExecutor.Execute(IActionResultTypeMapper mapper, ObjectMethodExecutor executor, Object controller, Object[] arguments)
   at Microsoft.AspNetCore.Mvc.Internal.ControllerActionInvoker.InvokeActionMethodAsync()
   at Microsoft.AspNetCore.Mvc.Internal.ControllerActionInvoker.InvokeNextActionFilterAsync()
   at Microsoft.AspNetCore.Mvc.Internal.ControllerActionInvoker.Rethrow(ActionExecutedContext context)
   at Microsoft.AspNetCore.Mvc.Internal.ControllerActionInvoker.Next(State& next, Scope& scope, Object& state, Boolean& isCompleted)
   at Microsoft.AspNetCore.Mvc.Internal.ControllerActionInvoker.InvokeInnerFilterAsync()
   at Microsoft.AspNetCore.Mvc.Internal.ResourceInvoker.InvokeNextExceptionFilterAsync()
   at Microsoft.AspNetCore.Mvc.Internal.ResourceInvoker.Rethrow(ExceptionContext context)
   at Microsoft.AspNetCore.Mvc.Internal.ResourceInvoker.Next(State& next, Scope& scope, Object& state, Boolean& isCompleted)
   at Microsoft.AspNetCore.Mvc.Internal.ResourceInvoker.InvokeNextResourceFilter()
   at Microsoft.AspNetCore.Mvc.Internal.ResourceInvoker.Rethrow(ResourceExecutedContext context)
   at Microsoft.AspNetCore.Mvc.Internal.ResourceInvoker.Next(State& next, Scope& scope, Object& state, Boolean& isCompleted)
   at Microsoft.AspNetCore.Mvc.Internal.ResourceInvoker.InvokeFilterPipelineAsync()
   at Microsoft.AspNetCore.Mvc.Internal.ResourceInvoker.InvokeAsync()
   at Microsoft.AspNetCore.Builder.RouterMiddleware.Invoke(HttpContext httpContext)
   at Microsoft.AspNetCore.Authentication.AuthenticationMiddleware.Invoke(HttpContext context)
   at Microsoft.AspNetCore.Cors.Infrastructure.CorsMiddleware.Invoke(HttpContext context)
   at Microsoft.AspNetCore.StaticFiles.StaticFileMiddleware.Invoke(HttpContext context)
   at MarutiSuzuki.Audit.ExceptionHandling.ErrorHandlingMiddleware.Invoke(HttpContext context) in F:\My workspace\MarutiSuzuki Project\MarutiSuzuki.API_15-07-2020\MarutiSuzuki.API\MarutiSuzuki.Audit.ExceptionHandling\ErrorHandlingMiddleware.cs:line 43
-------------------------------

Log Entry : 11:12:51 26 November 2020
  :

 ClassName :One or more errors occurred. (Cannot open database "SuzukiDB" requested by the login. The login failed.
Login failed for user 'IIS APPPOOL\.netCoreAppPool'.)
 MethodName :HandleExceptionAsync
 Message :One or more errors occurred. (Cannot open database "SuzukiDB" requested by the login. The login failed.
Login failed for user 'IIS APPPOOL\.netCoreAppPool'.)
 StackTrace   at MarutiSuzuki.API.Controllers.TokenController.Token(LoginModel login) in F:\My workspace\MarutiSuzuki Project\MarutiSuzuki.API_15-07-2020\MarutiSuzuki.API\MarutiSuzuki.API\Controllers\TokenController.cs:line 68
   at lambda_method(Closure , Object , Object[] )
   at Microsoft.Extensions.Internal.ObjectMethodExecutor.Execute(Object target, Object[] parameters)
   at Microsoft.AspNetCore.Mvc.Internal.ActionMethodExecutor.SyncActionResultExecutor.Execute(IActionResultTypeMapper mapper, ObjectMethodExecutor executor, Object controller, Object[] arguments)
   at Microsoft.AspNetCore.Mvc.Internal.ControllerActionInvoker.InvokeActionMethodAsync()
   at Microsoft.AspNetCore.Mvc.Internal.ControllerActionInvoker.InvokeNextActionFilterAsync()
   at Microsoft.AspNetCore.Mvc.Internal.ControllerActionInvoker.Rethrow(ActionExecutedContext context)
   at Microsoft.AspNetCore.Mvc.Internal.ControllerActionInvoker.Next(State& next, Scope& scope, Object& state, Boolean& isCompleted)
   at Microsoft.AspNetCore.Mvc.Internal.ControllerActionInvoker.InvokeInnerFilterAsync()
   at Microsoft.AspNetCore.Mvc.Internal.ResourceInvoker.InvokeNextExceptionFilterAsync()
   at Microsoft.AspNetCore.Mvc.Internal.ResourceInvoker.Rethrow(ExceptionContext context)
   at Microsoft.AspNetCore.Mvc.Internal.ResourceInvoker.Next(State& next, Scope& scope, Object& state, Boolean& isCompleted)
   at Microsoft.AspNetCore.Mvc.Internal.ResourceInvoker.InvokeNextResourceFilter()
   at Microsoft.AspNetCore.Mvc.Internal.ResourceInvoker.Rethrow(ResourceExecutedContext context)
   at Microsoft.AspNetCore.Mvc.Internal.ResourceInvoker.Next(State& next, Scope& scope, Object& state, Boolean& isCompleted)
   at Microsoft.AspNetCore.Mvc.Internal.ResourceInvoker.InvokeFilterPipelineAsync()
   at Microsoft.AspNetCore.Mvc.Internal.ResourceInvoker.InvokeAsync()
   at Microsoft.AspNetCore.Builder.RouterMiddleware.Invoke(HttpContext httpContext)
   at Microsoft.AspNetCore.Authentication.AuthenticationMiddleware.Invoke(HttpContext context)
   at Microsoft.AspNetCore.Cors.Infrastructure.CorsMiddleware.Invoke(HttpContext context)
   at Microsoft.AspNetCore.StaticFiles.StaticFileMiddleware.Invoke(HttpContext context)
   at MarutiSuzuki.Audit.ExceptionHandling.ErrorHandlingMiddleware.Invoke(HttpContext context) in F:\My workspace\MarutiSuzuki Project\MarutiSuzuki.API_15-07-2020\MarutiSuzuki.API\MarutiSuzuki.Audit.ExceptionHandling\ErrorHandlingMiddleware.cs:line 43
-------------------------------

Log Entry : 11:12:51 26 November 2020
  :

 ClassName :One or more errors occurred. (Cannot open database "SuzukiDB" requested by the login. The login failed.
Login failed for user 'IIS APPPOOL\.netCoreAppPool'.)
 MethodName :HandleExceptionAsync
 Message :One or more errors occurred. (Cannot open database "SuzukiDB" requested by the login. The login failed.
Login failed for user 'IIS APPPOOL\.netCoreAppPool'.)
 StackTrace   at MarutiSuzuki.API.Controllers.TokenController.Token(LoginModel login) in F:\My workspace\MarutiSuzuki Project\MarutiSuzuki.API_15-07-2020\MarutiSuzuki.API\MarutiSuzuki.API\Controllers\TokenController.cs:line 68
   at lambda_method(Closure , Object , Object[] )
   at Microsoft.Extensions.Internal.ObjectMethodExecutor.Execute(Object target, Object[] parameters)
   at Microsoft.AspNetCore.Mvc.Internal.ActionMethodExecutor.SyncActionResultExecutor.Execute(IActionResultTypeMapper mapper, ObjectMethodExecutor executor, Object controller, Object[] arguments)
   at Microsoft.AspNetCore.Mvc.Internal.ControllerActionInvoker.InvokeActionMethodAsync()
   at Microsoft.AspNetCore.Mvc.Internal.ControllerActionInvoker.InvokeNextActionFilterAsync()
   at Microsoft.AspNetCore.Mvc.Internal.ControllerActionInvoker.Rethrow(ActionExecutedContext context)
   at Microsoft.AspNetCore.Mvc.Internal.ControllerActionInvoker.Next(State& next, Scope& scope, Object& state, Boolean& isCompleted)
   at Microsoft.AspNetCore.Mvc.Internal.ControllerActionInvoker.InvokeInnerFilterAsync()
   at Microsoft.AspNetCore.Mvc.Internal.ResourceInvoker.InvokeNextExceptionFilterAsync()
   at Microsoft.AspNetCore.Mvc.Internal.ResourceInvoker.Rethrow(ExceptionContext context)
   at Microsoft.AspNetCore.Mvc.Internal.ResourceInvoker.Next(State& next, Scope& scope, Object& state, Boolean& isCompleted)
   at Microsoft.AspNetCore.Mvc.Internal.ResourceInvoker.InvokeNextResourceFilter()
   at Microsoft.AspNetCore.Mvc.Internal.ResourceInvoker.Rethrow(ResourceExecutedContext context)
   at Microsoft.AspNetCore.Mvc.Internal.ResourceInvoker.Next(State& next, Scope& scope, Object& state, Boolean& isCompleted)
   at Microsoft.AspNetCore.Mvc.Internal.ResourceInvoker.InvokeFilterPipelineAsync()
   at Microsoft.AspNetCore.Mvc.Internal.ResourceInvoker.InvokeAsync()
   at Microsoft.AspNetCore.Builder.RouterMiddleware.Invoke(HttpContext httpContext)
   at Microsoft.AspNetCore.Authentication.AuthenticationMiddleware.Invoke(HttpContext context)
   at Microsoft.AspNetCore.Cors.Infrastructure.CorsMiddleware.Invoke(HttpContext context)
   at Microsoft.AspNetCore.StaticFiles.StaticFileMiddleware.Invoke(HttpContext context)
   at MarutiSuzuki.Audit.ExceptionHandling.ErrorHandlingMiddleware.Invoke(HttpContext context) in F:\My workspace\MarutiSuzuki Project\MarutiSuzuki.API_15-07-2020\MarutiSuzuki.API\MarutiSuzuki.Audit.ExceptionHandling\ErrorHandlingMiddleware.cs:line 43
-------------------------------

Log Entry : 11:13:41 26 November 2020
  :

 ClassName :One or more errors occurred. (Cannot open database "SuzukiDB" requested by the login. The login failed.
Login failed for user 'IIS APPPOOL\.netCoreAppPool'.)
 MethodName :HandleExceptionAsync
 Message :One or more errors occurred. (Cannot open database "SuzukiDB" requested by the login. The login failed.
Login failed for user 'IIS APPPOOL\.netCoreAppPool'.)
 StackTrace   at MarutiSuzuki.API.Controllers.TokenController.Token(LoginModel login) in F:\My workspace\MarutiSuzuki Project\MarutiSuzuki.API_15-07-2020\MarutiSuzuki.API\MarutiSuzuki.API\Controllers\TokenController.cs:line 68
   at lambda_method(Closure , Object , Object[] )
   at Microsoft.Extensions.Internal.ObjectMethodExecutor.Execute(Object target, Object[] parameters)
   at Microsoft.AspNetCore.Mvc.Internal.ActionMethodExecutor.SyncActionResultExecutor.Execute(IActionResultTypeMapper mapper, ObjectMethodExecutor executor, Object controller, Object[] arguments)
   at Microsoft.AspNetCore.Mvc.Internal.ControllerActionInvoker.InvokeActionMethodAsync()
   at Microsoft.AspNetCore.Mvc.Internal.ControllerActionInvoker.InvokeNextActionFilterAsync()
   at Microsoft.AspNetCore.Mvc.Internal.ControllerActionInvoker.Rethrow(ActionExecutedContext context)
   at Microsoft.AspNetCore.Mvc.Internal.ControllerActionInvoker.Next(State& next, Scope& scope, Object& state, Boolean& isCompleted)
   at Microsoft.AspNetCore.Mvc.Internal.ControllerActionInvoker.InvokeInnerFilterAsync()
   at Microsoft.AspNetCore.Mvc.Internal.ResourceInvoker.InvokeNextExceptionFilterAsync()
   at Microsoft.AspNetCore.Mvc.Internal.ResourceInvoker.Rethrow(ExceptionContext context)
   at Microsoft.AspNetCore.Mvc.Internal.ResourceInvoker.Next(State& next, Scope& scope, Object& state, Boolean& isCompleted)
   at Microsoft.AspNetCore.Mvc.Internal.ResourceInvoker.InvokeNextResourceFilter()
   at Microsoft.AspNetCore.Mvc.Internal.ResourceInvoker.Rethrow(ResourceExecutedContext context)
   at Microsoft.AspNetCore.Mvc.Internal.ResourceInvoker.Next(State& next, Scope& scope, Object& state, Boolean& isCompleted)
   at Microsoft.AspNetCore.Mvc.Internal.ResourceInvoker.InvokeFilterPipelineAsync()
   at Microsoft.AspNetCore.Mvc.Internal.ResourceInvoker.InvokeAsync()
   at Microsoft.AspNetCore.Builder.RouterMiddleware.Invoke(HttpContext httpContext)
   at Microsoft.AspNetCore.Authentication.AuthenticationMiddleware.Invoke(HttpContext context)
   at Microsoft.AspNetCore.Cors.Infrastructure.CorsMiddleware.Invoke(HttpContext context)
   at Microsoft.AspNetCore.StaticFiles.StaticFileMiddleware.Invoke(HttpContext context)
   at MarutiSuzuki.Audit.ExceptionHandling.ErrorHandlingMiddleware.Invoke(HttpContext context) in F:\My workspace\MarutiSuzuki Project\MarutiSuzuki.API_15-07-2020\MarutiSuzuki.API\MarutiSuzuki.Audit.ExceptionHandling\ErrorHandlingMiddleware.cs:line 43
-------------------------------

Log Entry : 11:18:16 26 November 2020
  :

 ClassName :One or more errors occurred. (Cannot open database "SuzukiDB" requested by the login. The login failed.
Login failed for user 'IIS APPPOOL\.netCoreAppPool'.)
 MethodName :HandleExceptionAsync
 Message :One or more errors occurred. (Cannot open database "SuzukiDB" requested by the login. The login failed.
Login failed for user 'IIS APPPOOL\.netCoreAppPool'.)
 StackTrace   at MarutiSuzuki.API.Controllers.TokenController.Token(LoginModel login) in F:\My workspace\MarutiSuzuki Project\MarutiSuzuki.API_15-07-2020\MarutiSuzuki.API\MarutiSuzuki.API\Controllers\TokenController.cs:line 68
   at lambda_method(Closure , Object , Object[] )
   at Microsoft.Extensions.Internal.ObjectMethodExecutor.Execute(Object target, Object[] parameters)
   at Microsoft.AspNetCore.Mvc.Internal.ActionMethodExecutor.SyncActionResultExecutor.Execute(IActionResultTypeMapper mapper, ObjectMethodExecutor executor, Object controller, Object[] arguments)
   at Microsoft.AspNetCore.Mvc.Internal.ControllerActionInvoker.InvokeActionMethodAsync()
   at Microsoft.AspNetCore.Mvc.Internal.ControllerActionInvoker.InvokeNextActionFilterAsync()
   at Microsoft.AspNetCore.Mvc.Internal.ControllerActionInvoker.Rethrow(ActionExecutedContext context)
   at Microsoft.AspNetCore.Mvc.Internal.ControllerActionInvoker.Next(State& next, Scope& scope, Object& state, Boolean& isCompleted)
   at Microsoft.AspNetCore.Mvc.Internal.ControllerActionInvoker.InvokeInnerFilterAsync()
   at Microsoft.AspNetCore.Mvc.Internal.ResourceInvoker.InvokeNextExceptionFilterAsync()
   at Microsoft.AspNetCore.Mvc.Internal.ResourceInvoker.Rethrow(ExceptionContext context)
   at Microsoft.AspNetCore.Mvc.Internal.ResourceInvoker.Next(State& next, Scope& scope, Object& state, Boolean& isCompleted)
   at Microsoft.AspNetCore.Mvc.Internal.ResourceInvoker.InvokeNextResourceFilter()
   at Microsoft.AspNetCore.Mvc.Internal.ResourceInvoker.Rethrow(ResourceExecutedContext context)
   at Microsoft.AspNetCore.Mvc.Internal.ResourceInvoker.Next(State& next, Scope& scope, Object& state, Boolean& isCompleted)
   at Microsoft.AspNetCore.Mvc.Internal.ResourceInvoker.InvokeFilterPipelineAsync()
   at Microsoft.AspNetCore.Mvc.Internal.ResourceInvoker.InvokeAsync()
   at Microsoft.AspNetCore.Builder.RouterMiddleware.Invoke(HttpContext httpContext)
   at Microsoft.AspNetCore.Authentication.AuthenticationMiddleware.Invoke(HttpContext context)
   at Microsoft.AspNetCore.Cors.Infrastructure.CorsMiddleware.Invoke(HttpContext context)
   at Microsoft.AspNetCore.StaticFiles.StaticFileMiddleware.Invoke(HttpContext context)
   at MarutiSuzuki.Audit.ExceptionHandling.ErrorHandlingMiddleware.Invoke(HttpContext context) in F:\My workspace\MarutiSuzuki Project\MarutiSuzuki.API_15-07-2020\MarutiSuzuki.API\MarutiSuzuki.Audit.ExceptionHandling\ErrorHandlingMiddleware.cs:line 43
-------------------------------

Log Entry : 11:18:29 26 November 2020
  :

 ClassName :One or more errors occurred. (Cannot open database "SuzukiDB" requested by the login. The login failed.
Login failed for user 'IIS APPPOOL\.netCoreAppPool'.)
 MethodName :HandleExceptionAsync
 Message :One or more errors occurred. (Cannot open database "SuzukiDB" requested by the login. The login failed.
Login failed for user 'IIS APPPOOL\.netCoreAppPool'.)
 StackTrace   at MarutiSuzuki.API.Controllers.TokenController.Token(LoginModel login) in F:\My workspace\MarutiSuzuki Project\MarutiSuzuki.API_15-07-2020\MarutiSuzuki.API\MarutiSuzuki.API\Controllers\TokenController.cs:line 68
   at lambda_method(Closure , Object , Object[] )
   at Microsoft.Extensions.Internal.ObjectMethodExecutor.Execute(Object target, Object[] parameters)
   at Microsoft.AspNetCore.Mvc.Internal.ActionMethodExecutor.SyncActionResultExecutor.Execute(IActionResultTypeMapper mapper, ObjectMethodExecutor executor, Object controller, Object[] arguments)
   at Microsoft.AspNetCore.Mvc.Internal.ControllerActionInvoker.InvokeActionMethodAsync()
   at Microsoft.AspNetCore.Mvc.Internal.ControllerActionInvoker.InvokeNextActionFilterAsync()
   at Microsoft.AspNetCore.Mvc.Internal.ControllerActionInvoker.Rethrow(ActionExecutedContext context)
   at Microsoft.AspNetCore.Mvc.Internal.ControllerActionInvoker.Next(State& next, Scope& scope, Object& state, Boolean& isCompleted)
   at Microsoft.AspNetCore.Mvc.Internal.ControllerActionInvoker.InvokeInnerFilterAsync()
   at Microsoft.AspNetCore.Mvc.Internal.ResourceInvoker.InvokeNextExceptionFilterAsync()
   at Microsoft.AspNetCore.Mvc.Internal.ResourceInvoker.Rethrow(ExceptionContext context)
   at Microsoft.AspNetCore.Mvc.Internal.ResourceInvoker.Next(State& next, Scope& scope, Object& state, Boolean& isCompleted)
   at Microsoft.AspNetCore.Mvc.Internal.ResourceInvoker.InvokeNextResourceFilter()
   at Microsoft.AspNetCore.Mvc.Internal.ResourceInvoker.Rethrow(ResourceExecutedContext context)
   at Microsoft.AspNetCore.Mvc.Internal.ResourceInvoker.Next(State& next, Scope& scope, Object& state, Boolean& isCompleted)
   at Microsoft.AspNetCore.Mvc.Internal.ResourceInvoker.InvokeFilterPipelineAsync()
   at Microsoft.AspNetCore.Mvc.Internal.ResourceInvoker.InvokeAsync()
   at Microsoft.AspNetCore.Builder.RouterMiddleware.Invoke(HttpContext httpContext)
   at Microsoft.AspNetCore.Authentication.AuthenticationMiddleware.Invoke(HttpContext context)
   at Microsoft.AspNetCore.Cors.Infrastructure.CorsMiddleware.Invoke(HttpContext context)
   at Microsoft.AspNetCore.StaticFiles.StaticFileMiddleware.Invoke(HttpContext context)
   at MarutiSuzuki.Audit.ExceptionHandling.ErrorHandlingMiddleware.Invoke(HttpContext context) in F:\My workspace\MarutiSuzuki Project\MarutiSuzuki.API_15-07-2020\MarutiSuzuki.API\MarutiSuzuki.Audit.ExceptionHandling\ErrorHandlingMiddleware.cs:line 43
-------------------------------

Log Entry : 11:19:11 26 November 2020
  :

 ClassName :One or more errors occurred. (Cannot open database "SuzukiDB" requested by the login. The login failed.
Login failed for user 'IIS APPPOOL\.netCoreAppPool'.)
 MethodName :HandleExceptionAsync
 Message :One or more errors occurred. (Cannot open database "SuzukiDB" requested by the login. The login failed.
Login failed for user 'IIS APPPOOL\.netCoreAppPool'.)
 StackTrace   at MarutiSuzuki.API.Controllers.TokenController.Token(LoginModel login) in F:\My workspace\MarutiSuzuki Project\MarutiSuzuki.API_15-07-2020\MarutiSuzuki.API\MarutiSuzuki.API\Controllers\TokenController.cs:line 68
   at lambda_method(Closure , Object , Object[] )
   at Microsoft.Extensions.Internal.ObjectMethodExecutor.Execute(Object target, Object[] parameters)
   at Microsoft.AspNetCore.Mvc.Internal.ActionMethodExecutor.SyncActionResultExecutor.Execute(IActionResultTypeMapper mapper, ObjectMethodExecutor executor, Object controller, Object[] arguments)
   at Microsoft.AspNetCore.Mvc.Internal.ControllerActionInvoker.InvokeActionMethodAsync()
   at Microsoft.AspNetCore.Mvc.Internal.ControllerActionInvoker.InvokeNextActionFilterAsync()
   at Microsoft.AspNetCore.Mvc.Internal.ControllerActionInvoker.Rethrow(ActionExecutedContext context)
   at Microsoft.AspNetCore.Mvc.Internal.ControllerActionInvoker.Next(State& next, Scope& scope, Object& state, Boolean& isCompleted)
   at Microsoft.AspNetCore.Mvc.Internal.ControllerActionInvoker.InvokeInnerFilterAsync()
   at Microsoft.AspNetCore.Mvc.Internal.ResourceInvoker.InvokeNextExceptionFilterAsync()
   at Microsoft.AspNetCore.Mvc.Internal.ResourceInvoker.Rethrow(ExceptionContext context)
   at Microsoft.AspNetCore.Mvc.Internal.ResourceInvoker.Next(State& next, Scope& scope, Object& state, Boolean& isCompleted)
   at Microsoft.AspNetCore.Mvc.Internal.ResourceInvoker.InvokeNextResourceFilter()
   at Microsoft.AspNetCore.Mvc.Internal.ResourceInvoker.Rethrow(ResourceExecutedContext context)
   at Microsoft.AspNetCore.Mvc.Internal.ResourceInvoker.Next(State& next, Scope& scope, Object& state, Boolean& isCompleted)
   at Microsoft.AspNetCore.Mvc.Internal.ResourceInvoker.InvokeFilterPipelineAsync()
   at Microsoft.AspNetCore.Mvc.Internal.ResourceInvoker.InvokeAsync()
   at Microsoft.AspNetCore.Builder.RouterMiddleware.Invoke(HttpContext httpContext)
   at Microsoft.AspNetCore.Authentication.AuthenticationMiddleware.Invoke(HttpContext context)
   at Microsoft.AspNetCore.Cors.Infrastructure.CorsMiddleware.Invoke(HttpContext context)
   at Microsoft.AspNetCore.StaticFiles.StaticFileMiddleware.Invoke(HttpContext context)
   at MarutiSuzuki.Audit.ExceptionHandling.ErrorHandlingMiddleware.Invoke(HttpContext context) in F:\My workspace\MarutiSuzuki Project\MarutiSuzuki.API_15-07-2020\MarutiSuzuki.API\MarutiSuzuki.Audit.ExceptionHandling\ErrorHandlingMiddleware.cs:line 43
-------------------------------

Log Entry : 11:22:39 26 November 2020
  :

 ClassName :One or more errors occurred. (Cannot open database "SuzukiDB" requested by the login. The login failed.
Login failed for user 'IIS APPPOOL\.netCoreAppPool'.)
 MethodName :HandleExceptionAsync
 Message :One or more errors occurred. (Cannot open database "SuzukiDB" requested by the login. The login failed.
Login failed for user 'IIS APPPOOL\.netCoreAppPool'.)
 StackTrace   at MarutiSuzuki.API.Controllers.TokenController.Token(LoginModel login) in F:\My workspace\MarutiSuzuki Project\MarutiSuzuki.API_15-07-2020\MarutiSuzuki.API\MarutiSuzuki.API\Controllers\TokenController.cs:line 68
   at lambda_method(Closure , Object , Object[] )
   at Microsoft.Extensions.Internal.ObjectMethodExecutor.Execute(Object target, Object[] parameters)
   at Microsoft.AspNetCore.Mvc.Internal.ActionMethodExecutor.SyncActionResultExecutor.Execute(IActionResultTypeMapper mapper, ObjectMethodExecutor executor, Object controller, Object[] arguments)
   at Microsoft.AspNetCore.Mvc.Internal.ControllerActionInvoker.InvokeActionMethodAsync()
   at Microsoft.AspNetCore.Mvc.Internal.ControllerActionInvoker.InvokeNextActionFilterAsync()
   at Microsoft.AspNetCore.Mvc.Internal.ControllerActionInvoker.Rethrow(ActionExecutedContext context)
   at Microsoft.AspNetCore.Mvc.Internal.ControllerActionInvoker.Next(State& next, Scope& scope, Object& state, Boolean& isCompleted)
   at Microsoft.AspNetCore.Mvc.Internal.ControllerActionInvoker.InvokeInnerFilterAsync()
   at Microsoft.AspNetCore.Mvc.Internal.ResourceInvoker.InvokeNextExceptionFilterAsync()
   at Microsoft.AspNetCore.Mvc.Internal.ResourceInvoker.Rethrow(ExceptionContext context)
   at Microsoft.AspNetCore.Mvc.Internal.ResourceInvoker.Next(State& next, Scope& scope, Object& state, Boolean& isCompleted)
   at Microsoft.AspNetCore.Mvc.Internal.ResourceInvoker.InvokeNextResourceFilter()
   at Microsoft.AspNetCore.Mvc.Internal.ResourceInvoker.Rethrow(ResourceExecutedContext context)
   at Microsoft.AspNetCore.Mvc.Internal.ResourceInvoker.Next(State& next, Scope& scope, Object& state, Boolean& isCompleted)
   at Microsoft.AspNetCore.Mvc.Internal.ResourceInvoker.InvokeFilterPipelineAsync()
   at Microsoft.AspNetCore.Mvc.Internal.ResourceInvoker.InvokeAsync()
   at Microsoft.AspNetCore.Builder.RouterMiddleware.Invoke(HttpContext httpContext)
   at Microsoft.AspNetCore.Authentication.AuthenticationMiddleware.Invoke(HttpContext context)
   at Microsoft.AspNetCore.Cors.Infrastructure.CorsMiddleware.Invoke(HttpContext context)
   at Microsoft.AspNetCore.StaticFiles.StaticFileMiddleware.Invoke(HttpContext context)
   at MarutiSuzuki.Audit.ExceptionHandling.ErrorHandlingMiddleware.Invoke(HttpContext context) in F:\My workspace\MarutiSuzuki Project\MarutiSuzuki.API_15-07-2020\MarutiSuzuki.API\MarutiSuzuki.Audit.ExceptionHandling\ErrorHandlingMiddleware.cs:line 43
-------------------------------

Log Entry : 11:22:51 26 November 2020
  :

 ClassName :One or more errors occurred. (Cannot open database "SuzukiDB" requested by the login. The login failed.
Login failed for user 'IIS APPPOOL\.netCoreAppPool'.)
 MethodName :HandleExceptionAsync
 Message :One or more errors occurred. (Cannot open database "SuzukiDB" requested by the login. The login failed.
Login failed for user 'IIS APPPOOL\.netCoreAppPool'.)
 StackTrace   at MarutiSuzuki.API.Controllers.TokenController.Token(LoginModel login) in F:\My workspace\MarutiSuzuki Project\MarutiSuzuki.API_15-07-2020\MarutiSuzuki.API\MarutiSuzuki.API\Controllers\TokenController.cs:line 68
   at lambda_method(Closure , Object , Object[] )
   at Microsoft.Extensions.Internal.ObjectMethodExecutor.Execute(Object target, Object[] parameters)
   at Microsoft.AspNetCore.Mvc.Internal.ActionMethodExecutor.SyncActionResultExecutor.Execute(IActionResultTypeMapper mapper, ObjectMethodExecutor executor, Object controller, Object[] arguments)
   at Microsoft.AspNetCore.Mvc.Internal.ControllerActionInvoker.InvokeActionMethodAsync()
   at Microsoft.AspNetCore.Mvc.Internal.ControllerActionInvoker.InvokeNextActionFilterAsync()
   at Microsoft.AspNetCore.Mvc.Internal.ControllerActionInvoker.Rethrow(ActionExecutedContext context)
   at Microsoft.AspNetCore.Mvc.Internal.ControllerActionInvoker.Next(State& next, Scope& scope, Object& state, Boolean& isCompleted)
   at Microsoft.AspNetCore.Mvc.Internal.ControllerActionInvoker.InvokeInnerFilterAsync()
   at Microsoft.AspNetCore.Mvc.Internal.ResourceInvoker.InvokeNextExceptionFilterAsync()
   at Microsoft.AspNetCore.Mvc.Internal.ResourceInvoker.Rethrow(ExceptionContext context)
   at Microsoft.AspNetCore.Mvc.Internal.ResourceInvoker.Next(State& next, Scope& scope, Object& state, Boolean& isCompleted)
   at Microsoft.AspNetCore.Mvc.Internal.ResourceInvoker.InvokeNextResourceFilter()
   at Microsoft.AspNetCore.Mvc.Internal.ResourceInvoker.Rethrow(ResourceExecutedContext context)
   at Microsoft.AspNetCore.Mvc.Internal.ResourceInvoker.Next(State& next, Scope& scope, Object& state, Boolean& isCompleted)
   at Microsoft.AspNetCore.Mvc.Internal.ResourceInvoker.InvokeFilterPipelineAsync()
   at Microsoft.AspNetCore.Mvc.Internal.ResourceInvoker.InvokeAsync()
   at Microsoft.AspNetCore.Builder.RouterMiddleware.Invoke(HttpContext httpContext)
   at Microsoft.AspNetCore.Authentication.AuthenticationMiddleware.Invoke(HttpContext context)
   at Microsoft.AspNetCore.Cors.Infrastructure.CorsMiddleware.Invoke(HttpContext context)
   at Microsoft.AspNetCore.StaticFiles.StaticFileMiddleware.Invoke(HttpContext context)
   at MarutiSuzuki.Audit.ExceptionHandling.ErrorHandlingMiddleware.Invoke(HttpContext context) in F:\My workspace\MarutiSuzuki Project\MarutiSuzuki.API_15-07-2020\MarutiSuzuki.API\MarutiSuzuki.Audit.ExceptionHandling\ErrorHandlingMiddleware.cs:line 43
-------------------------------

Log Entry : 11:30:00 26 November 2020
  :

 ClassName :One or more errors occurred. (Cannot open database "SuzukiDB" requested by the login. The login failed.
Login failed for user 'IIS APPPOOL\.netCoreAppPool'.)
 MethodName :HandleExceptionAsync
 Message :One or more errors occurred. (Cannot open database "SuzukiDB" requested by the login. The login failed.
Login failed for user 'IIS APPPOOL\.netCoreAppPool'.)
 StackTrace   at MarutiSuzuki.API.Controllers.TokenController.Token(LoginModel login) in F:\My workspace\MarutiSuzuki Project\MarutiSuzuki.API_15-07-2020\MarutiSuzuki.API\MarutiSuzuki.API\Controllers\TokenController.cs:line 68
   at lambda_method(Closure , Object , Object[] )
   at Microsoft.Extensions.Internal.ObjectMethodExecutor.Execute(Object target, Object[] parameters)
   at Microsoft.AspNetCore.Mvc.Internal.ActionMethodExecutor.SyncActionResultExecutor.Execute(IActionResultTypeMapper mapper, ObjectMethodExecutor executor, Object controller, Object[] arguments)
   at Microsoft.AspNetCore.Mvc.Internal.ControllerActionInvoker.InvokeActionMethodAsync()
   at Microsoft.AspNetCore.Mvc.Internal.ControllerActionInvoker.InvokeNextActionFilterAsync()
   at Microsoft.AspNetCore.Mvc.Internal.ControllerActionInvoker.Rethrow(ActionExecutedContext context)
   at Microsoft.AspNetCore.Mvc.Internal.ControllerActionInvoker.Next(State& next, Scope& scope, Object& state, Boolean& isCompleted)
   at Microsoft.AspNetCore.Mvc.Internal.ControllerActionInvoker.InvokeInnerFilterAsync()
   at Microsoft.AspNetCore.Mvc.Internal.ResourceInvoker.InvokeNextExceptionFilterAsync()
   at Microsoft.AspNetCore.Mvc.Internal.ResourceInvoker.Rethrow(ExceptionContext context)
   at Microsoft.AspNetCore.Mvc.Internal.ResourceInvoker.Next(State& next, Scope& scope, Object& state, Boolean& isCompleted)
   at Microsoft.AspNetCore.Mvc.Internal.ResourceInvoker.InvokeNextResourceFilter()
   at Microsoft.AspNetCore.Mvc.Internal.ResourceInvoker.Rethrow(ResourceExecutedContext context)
   at Microsoft.AspNetCore.Mvc.Internal.ResourceInvoker.Next(State& next, Scope& scope, Object& state, Boolean& isCompleted)
   at Microsoft.AspNetCore.Mvc.Internal.ResourceInvoker.InvokeFilterPipelineAsync()
   at Microsoft.AspNetCore.Mvc.Internal.ResourceInvoker.InvokeAsync()
   at Microsoft.AspNetCore.Builder.RouterMiddleware.Invoke(HttpContext httpContext)
   at Microsoft.AspNetCore.Authentication.AuthenticationMiddleware.Invoke(HttpContext context)
   at Microsoft.AspNetCore.Cors.Infrastructure.CorsMiddleware.Invoke(HttpContext context)
   at Microsoft.AspNetCore.StaticFiles.StaticFileMiddleware.Invoke(HttpContext context)
   at MarutiSuzuki.Audit.ExceptionHandling.ErrorHandlingMiddleware.Invoke(HttpContext context) in F:\My workspace\MarutiSuzuki Project\MarutiSuzuki.API_15-07-2020\MarutiSuzuki.API\MarutiSuzuki.Audit.ExceptionHandling\ErrorHandlingMiddleware.cs:line 43
-------------------------------

Log Entry : 11:31:08 26 November 2020
  :

 ClassName :One or more errors occurred. (Cannot open database "SuzukiDB" requested by the login. The login failed.
Login failed for user 'IIS APPPOOL\.netCoreAppPool'.)
 MethodName :HandleExceptionAsync
 Message :One or more errors occurred. (Cannot open database "SuzukiDB" requested by the login. The login failed.
Login failed for user 'IIS APPPOOL\.netCoreAppPool'.)
 StackTrace   at MarutiSuzuki.API.Controllers.TokenController.Token(LoginModel login) in F:\My workspace\MarutiSuzuki Project\MarutiSuzuki.API_15-07-2020\MarutiSuzuki.API\MarutiSuzuki.API\Controllers\TokenController.cs:line 68
   at lambda_method(Closure , Object , Object[] )
   at Microsoft.Extensions.Internal.ObjectMethodExecutor.Execute(Object target, Object[] parameters)
   at Microsoft.AspNetCore.Mvc.Internal.ActionMethodExecutor.SyncActionResultExecutor.Execute(IActionResultTypeMapper mapper, ObjectMethodExecutor executor, Object controller, Object[] arguments)
   at Microsoft.AspNetCore.Mvc.Internal.ControllerActionInvoker.InvokeActionMethodAsync()
   at Microsoft.AspNetCore.Mvc.Internal.ControllerActionInvoker.InvokeNextActionFilterAsync()
   at Microsoft.AspNetCore.Mvc.Internal.ControllerActionInvoker.Rethrow(ActionExecutedContext context)
   at Microsoft.AspNetCore.Mvc.Internal.ControllerActionInvoker.Next(State& next, Scope& scope, Object& state, Boolean& isCompleted)
   at Microsoft.AspNetCore.Mvc.Internal.ControllerActionInvoker.InvokeInnerFilterAsync()
   at Microsoft.AspNetCore.Mvc.Internal.ResourceInvoker.InvokeNextExceptionFilterAsync()
   at Microsoft.AspNetCore.Mvc.Internal.ResourceInvoker.Rethrow(ExceptionContext context)
   at Microsoft.AspNetCore.Mvc.Internal.ResourceInvoker.Next(State& next, Scope& scope, Object& state, Boolean& isCompleted)
   at Microsoft.AspNetCore.Mvc.Internal.ResourceInvoker.InvokeNextResourceFilter()
   at Microsoft.AspNetCore.Mvc.Internal.ResourceInvoker.Rethrow(ResourceExecutedContext context)
   at Microsoft.AspNetCore.Mvc.Internal.ResourceInvoker.Next(State& next, Scope& scope, Object& state, Boolean& isCompleted)
   at Microsoft.AspNetCore.Mvc.Internal.ResourceInvoker.InvokeFilterPipelineAsync()
   at Microsoft.AspNetCore.Mvc.Internal.ResourceInvoker.InvokeAsync()
   at Microsoft.AspNetCore.Builder.RouterMiddleware.Invoke(HttpContext httpContext)
   at Microsoft.AspNetCore.Authentication.AuthenticationMiddleware.Invoke(HttpContext context)
   at Microsoft.AspNetCore.Cors.Infrastructure.CorsMiddleware.Invoke(HttpContext context)
   at Microsoft.AspNetCore.StaticFiles.StaticFileMiddleware.Invoke(HttpContext context)
   at MarutiSuzuki.Audit.ExceptionHandling.ErrorHandlingMiddleware.Invoke(HttpContext context) in F:\My workspace\MarutiSuzuki Project\MarutiSuzuki.API_15-07-2020\MarutiSuzuki.API\MarutiSuzuki.Audit.ExceptionHandling\ErrorHandlingMiddleware.cs:line 43
-------------------------------

Log Entry : 11:31:23 26 November 2020
  :

 ClassName :One or more errors occurred. (Cannot open database "SuzukiDB" requested by the login. The login failed.
Login failed for user 'IIS APPPOOL\.netCoreAppPool'.)
 MethodName :HandleExceptionAsync
 Message :One or more errors occurred. (Cannot open database "SuzukiDB" requested by the login. The login failed.
Login failed for user 'IIS APPPOOL\.netCoreAppPool'.)
 StackTrace   at MarutiSuzuki.API.Controllers.TokenController.Token(LoginModel login) in F:\My workspace\MarutiSuzuki Project\MarutiSuzuki.API_15-07-2020\MarutiSuzuki.API\MarutiSuzuki.API\Controllers\TokenController.cs:line 68
   at lambda_method(Closure , Object , Object[] )
   at Microsoft.Extensions.Internal.ObjectMethodExecutor.Execute(Object target, Object[] parameters)
   at Microsoft.AspNetCore.Mvc.Internal.ActionMethodExecutor.SyncActionResultExecutor.Execute(IActionResultTypeMapper mapper, ObjectMethodExecutor executor, Object controller, Object[] arguments)
   at Microsoft.AspNetCore.Mvc.Internal.ControllerActionInvoker.InvokeActionMethodAsync()
   at Microsoft.AspNetCore.Mvc.Internal.ControllerActionInvoker.InvokeNextActionFilterAsync()
   at Microsoft.AspNetCore.Mvc.Internal.ControllerActionInvoker.Rethrow(ActionExecutedContext context)
   at Microsoft.AspNetCore.Mvc.Internal.ControllerActionInvoker.Next(State& next, Scope& scope, Object& state, Boolean& isCompleted)
   at Microsoft.AspNetCore.Mvc.Internal.ControllerActionInvoker.InvokeInnerFilterAsync()
   at Microsoft.AspNetCore.Mvc.Internal.ResourceInvoker.InvokeNextExceptionFilterAsync()
   at Microsoft.AspNetCore.Mvc.Internal.ResourceInvoker.Rethrow(ExceptionContext context)
   at Microsoft.AspNetCore.Mvc.Internal.ResourceInvoker.Next(State& next, Scope& scope, Object& state, Boolean& isCompleted)
   at Microsoft.AspNetCore.Mvc.Internal.ResourceInvoker.InvokeNextResourceFilter()
   at Microsoft.AspNetCore.Mvc.Internal.ResourceInvoker.Rethrow(ResourceExecutedContext context)
   at Microsoft.AspNetCore.Mvc.Internal.ResourceInvoker.Next(State& next, Scope& scope, Object& state, Boolean& isCompleted)
   at Microsoft.AspNetCore.Mvc.Internal.ResourceInvoker.InvokeFilterPipelineAsync()
   at Microsoft.AspNetCore.Mvc.Internal.ResourceInvoker.InvokeAsync()
   at Microsoft.AspNetCore.Builder.RouterMiddleware.Invoke(HttpContext httpContext)
   at Microsoft.AspNetCore.Authentication.AuthenticationMiddleware.Invoke(HttpContext context)
   at Microsoft.AspNetCore.Cors.Infrastructure.CorsMiddleware.Invoke(HttpContext context)
   at Microsoft.AspNetCore.StaticFiles.StaticFileMiddleware.Invoke(HttpContext context)
   at MarutiSuzuki.Audit.ExceptionHandling.ErrorHandlingMiddleware.Invoke(HttpContext context) in F:\My workspace\MarutiSuzuki Project\MarutiSuzuki.API_15-07-2020\MarutiSuzuki.API\MarutiSuzuki.Audit.ExceptionHandling\ErrorHandlingMiddleware.cs:line 43
-------------------------------
